<?xml version="1.0" encoding="UTF-8"?><testsuite errors="0" failures="0" name="com.herokuapp.bookerrestful.bookinginfo.BookingCURDInfo" skipped="0" tests="4" time="5.96" timestamp="2022-06-07T21:53:14.098+01:00[Europe/London]"><testcase classname="com.herokuapp.bookerrestful.bookinginfo.BookingCURDInfo" name="This will Get  a token  for user"/><testcase classname="com.herokuapp.bookerrestful.bookinginfo.BookingCURDInfo" name="This will Create a booking user"/><testcase classname="com.herokuapp.bookerrestful.bookinginfo.BookingCURDInfo" name="This will Update a booking"/><testcase classname="com.herokuapp.bookerrestful.bookinginfo.BookingCURDInfo" name="This will Deleted a user"/></testsuite>